Determining if the pthread_create exist failed with the following output:
Change Dir: /home/zrxlovedjl/cv_ws2/build/CMakeFiles/CMakeTmp

Run Build Command:"/usr/bin/make" "cmTryCompileExec1831610455/fast"
/usr/bin/make -f CMakeFiles/cmTryCompileExec1831610455.dir/build.make CMakeFiles/cmTryCompileExec1831610455.dir/build
make[1]: Entering directory `/home/zrxlovedjl/cv_ws2/build/CMakeFiles/CMakeTmp'
/usr/bin/cmake -E cmake_progress_report /home/zrxlovedjl/cv_ws2/build/CMakeFiles/CMakeTmp/CMakeFiles 1
Building C object CMakeFiles/cmTryCompileExec1831610455.dir/CheckSymbolExists.c.o
/usr/bin/cc    -o CMakeFiles/cmTryCompileExec1831610455.dir/CheckSymbolExists.c.o   -c /home/zrxlovedjl/cv_ws2/build/CMakeFiles/CMakeTmp/CheckSymbolExists.c
Linking C executable cmTryCompileExec1831610455
/usr/bin/cmake -E cmake_link_script CMakeFiles/cmTryCompileExec1831610455.dir/link.txt --verbose=1
/usr/bin/cc       CMakeFiles/cmTryCompileExec1831610455.dir/CheckSymbolExists.c.o  -o cmTryCompileExec1831610455 -rdynamic 
CMakeFiles/cmTryCompileExec1831610455.dir/CheckSymbolExists.c.o: In function `main':
CheckSymbolExists.c:(.text+0x16): undefined reference to `pthread_create'
collect2: error: ld returned 1 exit status
make[1]: Leaving directory `/home/zrxlovedjl/cv_ws2/build/CMakeFiles/CMakeTmp'
make[1]: *** [cmTryCompileExec1831610455] Error 1
make: *** [cmTryCompileExec1831610455/fast] Error 2

File /home/zrxlovedjl/cv_ws2/build/CMakeFiles/CMakeTmp/CheckSymbolExists.c:
/* */
#include <pthread.h>

int main(int argc, char** argv)
{
  (void)argv;
#ifndef pthread_create
  return ((int*)(&pthread_create))[argc];
#else
  (void)argc;
  return 0;
#endif
}

Determining if the function pthread_create exists in the pthreads failed with the following output:
Change Dir: /home/zrxlovedjl/cv_ws2/build/CMakeFiles/CMakeTmp

Run Build Command:"/usr/bin/make" "cmTryCompileExec348714715/fast"
/usr/bin/make -f CMakeFiles/cmTryCompileExec348714715.dir/build.make CMakeFiles/cmTryCompileExec348714715.dir/build
make[1]: Entering directory `/home/zrxlovedjl/cv_ws2/build/CMakeFiles/CMakeTmp'
/usr/bin/cmake -E cmake_progress_report /home/zrxlovedjl/cv_ws2/build/CMakeFiles/CMakeTmp/CMakeFiles 1
Building C object CMakeFiles/cmTryCompileExec348714715.dir/CheckFunctionExists.c.o
/usr/bin/cc   -DCHECK_FUNCTION_EXISTS=pthread_create   -o CMakeFiles/cmTryCompileExec348714715.dir/CheckFunctionExists.c.o   -c /usr/share/cmake-3.2/Modules/CheckFunctionExists.c
Linking C executable cmTryCompileExec348714715
/usr/bin/cmake -E cmake_link_script CMakeFiles/cmTryCompileExec348714715.dir/link.txt --verbose=1
/usr/bin/cc   -DCHECK_FUNCTION_EXISTS=pthread_create    CMakeFiles/cmTryCompileExec348714715.dir/CheckFunctionExists.c.o  -o cmTryCompileExec348714715 -rdynamic -lpthreads 
/usr/bin/ld: cannot find -lpthreads
collect2: error: ld returned 1 exit status
make[1]: Leaving directory `/home/zrxlovedjl/cv_ws2/build/CMakeFiles/CMakeTmp'
make[1]: *** [cmTryCompileExec348714715] Error 1
make: *** [cmTryCompileExec348714715/fast] Error 2


